<?xml version="1.0" encoding="UTF-8"?>
<testng-results ignored="0" total="4" passed="2" failed="2" skipped="0">
  <reporter-output>
  </reporter-output>
  <suite started-at="2024-04-04T23:08:01 IST" name="Suite" finished-at="2024-04-04T23:08:26 IST" duration-ms="25106">
    <groups>
      <group name="ErrorHandling">
        <method signature="ErrorValidation.SubmitOrder()[pri:0, instance:rahulshettyacademy.Testngframeworkdesing.ErrorValidation@7b84fcf8]" name="SubmitOrder" class="rahulshettyacademy.Testngframeworkdesing.ErrorValidation"/>
      </group> <!-- ErrorHandling -->
      <group name="purchase1">
        <method signature="submitpage.SubmitOrder(java.util.HashMap)[pri:0, instance:rahulshettyacademy.Testngframeworkdesing.submitpage@50468873]" name="SubmitOrder" class="rahulshettyacademy.Testngframeworkdesing.submitpage"/>
      </group> <!-- purchase1 -->
      <group name="purchase">
        <method signature="submitpage.OrderHistroy(java.util.HashMap)[pri:0, instance:rahulshettyacademy.Testngframeworkdesing.submitpage@50468873]" name="OrderHistroy" class="rahulshettyacademy.Testngframeworkdesing.submitpage"/>
      </group> <!-- purchase -->
    </groups>
    <test started-at="2024-04-04T23:08:01 IST" name="Stand alone Test " finished-at="2024-04-04T23:08:01 IST" duration-ms="18">
    </test> <!-- Stand alone Test  -->
    <test started-at="2024-04-04T23:08:01 IST" name="Submit order Test " finished-at="2024-04-04T23:08:01 IST" duration-ms="84">
      <class name="rahulshettyacademy.Testngframeworkdesing.submitpage">
        <test-method signature="OrderHistroy(java.util.HashMap)[pri:0, instance:rahulshettyacademy.Testngframeworkdesing.submitpage@50468873]" started-at="2024-04-04T23:08:01 IST" name="OrderHistroy" data-provider="getData" finished-at="2024-04-04T23:08:01 IST" duration-ms="0" status="FAIL">
          <exception class="java.lang.RuntimeException">
            <message>
              <![CDATA[java.lang.NullPointerException]]>
            </message>
            <full-stacktrace>
              <![CDATA[java.lang.RuntimeException: java.lang.NullPointerException
at org.testng.internal.invokers.MethodInvocationHelper.invokeMethodNoCheckedException(MethodInvocationHelper.java:57)
at org.testng.internal.invokers.MethodInvocationHelper.invokeDataProvider(MethodInvocationHelper.java:157)
at org.testng.internal.Parameters.handleParameters(Parameters.java:812)
at org.testng.internal.Parameters.handleParameters(Parameters.java:737)
at org.testng.internal.invokers.ParameterHandler.handleParameters(ParameterHandler.java:72)
at org.testng.internal.invokers.ParameterHandler.createParameters(ParameterHandler.java:51)
at org.testng.internal.invokers.TestInvoker$MethodInvocationAgent.invoke(TestInvoker.java:915)
at org.testng.internal.invokers.TestInvoker.invokeTestMethods(TestInvoker.java:201)
at org.testng.internal.invokers.TestMethodWorker.invokeTestMethods(TestMethodWorker.java:148)
at org.testng.internal.invokers.TestMethodWorker.run(TestMethodWorker.java:128)
at java.base/java.util.ArrayList.forEach(ArrayList.java:1596)
at org.testng.TestRunner.privateRun(TestRunner.java:819)
at org.testng.TestRunner.run(TestRunner.java:619)
at org.testng.SuiteRunner.runTest(SuiteRunner.java:443)
at org.testng.SuiteRunner$SuiteWorker.run(SuiteRunner.java:481)
at org.testng.internal.thread.ThreadUtil.lambda$execute$0(ThreadUtil.java:58)
at java.base/java.util.concurrent.FutureTask.run(FutureTask.java:317)
at java.base/java.util.concurrent.ThreadPoolExecutor.runWorker(ThreadPoolExecutor.java:1144)
at java.base/java.util.concurrent.ThreadPoolExecutor$Worker.run(ThreadPoolExecutor.java:642)
at java.base/java.lang.Thread.run(Thread.java:1583)
Caused by: java.lang.NullPointerException
at java.base/java.io.File.<init>(File.java:278)
at rahulshettyacademy.TestComponents.BaseTest.getJsondatatoMap(BaseTest.java:56)
at rahulshettyacademy.Testngframeworkdesing.submitpage.getData(submitpage.java:73)
at java.base/jdk.internal.reflect.DirectMethodHandleAccessor.invoke(DirectMethodHandleAccessor.java:103)
at java.base/java.lang.reflect.Method.invoke(Method.java:580)
at org.testng.internal.invokers.MethodInvocationHelper.invokeMethod(MethodInvocationHelper.java:139)
at org.testng.internal.invokers.MethodInvocationHelper.invokeMethod(MethodInvocationHelper.java:84)
at org.testng.internal.invokers.MethodInvocationHelper.invokeMethodNoCheckedException(MethodInvocationHelper.java:53)
... 19 more
]]>
            </full-stacktrace>
          </exception> <!-- java.lang.RuntimeException -->
          <reporter-output>
          </reporter-output>
        </test-method> <!-- OrderHistroy -->
        <test-method signature="SubmitOrder(java.util.HashMap)[pri:0, instance:rahulshettyacademy.Testngframeworkdesing.submitpage@50468873]" started-at="2024-04-04T23:08:01 IST" name="SubmitOrder" data-provider="getData" finished-at="2024-04-04T23:08:01 IST" duration-ms="0" status="FAIL">
          <exception class="java.lang.RuntimeException">
            <message>
              <![CDATA[java.lang.NullPointerException]]>
            </message>
            <full-stacktrace>
              <![CDATA[java.lang.RuntimeException: java.lang.NullPointerException
at org.testng.internal.invokers.MethodInvocationHelper.invokeMethodNoCheckedException(MethodInvocationHelper.java:57)
at org.testng.internal.invokers.MethodInvocationHelper.invokeDataProvider(MethodInvocationHelper.java:157)
at org.testng.internal.Parameters.handleParameters(Parameters.java:812)
at org.testng.internal.Parameters.handleParameters(Parameters.java:737)
at org.testng.internal.invokers.ParameterHandler.handleParameters(ParameterHandler.java:72)
at org.testng.internal.invokers.ParameterHandler.createParameters(ParameterHandler.java:51)
at org.testng.internal.invokers.TestInvoker$MethodInvocationAgent.invoke(TestInvoker.java:915)
at org.testng.internal.invokers.TestInvoker.invokeTestMethods(TestInvoker.java:201)
at org.testng.internal.invokers.TestMethodWorker.invokeTestMethods(TestMethodWorker.java:148)
at org.testng.internal.invokers.TestMethodWorker.run(TestMethodWorker.java:128)
at java.base/java.util.ArrayList.forEach(ArrayList.java:1596)
at org.testng.TestRunner.privateRun(TestRunner.java:819)
at org.testng.TestRunner.run(TestRunner.java:619)
at org.testng.SuiteRunner.runTest(SuiteRunner.java:443)
at org.testng.SuiteRunner$SuiteWorker.run(SuiteRunner.java:481)
at org.testng.internal.thread.ThreadUtil.lambda$execute$0(ThreadUtil.java:58)
at java.base/java.util.concurrent.FutureTask.run(FutureTask.java:317)
at java.base/java.util.concurrent.ThreadPoolExecutor.runWorker(ThreadPoolExecutor.java:1144)
at java.base/java.util.concurrent.ThreadPoolExecutor$Worker.run(ThreadPoolExecutor.java:642)
at java.base/java.lang.Thread.run(Thread.java:1583)
Caused by: java.lang.NullPointerException
at java.base/java.io.File.<init>(File.java:278)
at rahulshettyacademy.TestComponents.BaseTest.getJsondatatoMap(BaseTest.java:56)
at rahulshettyacademy.Testngframeworkdesing.submitpage.getData(submitpage.java:73)
at java.base/jdk.internal.reflect.DirectMethodHandleAccessor.invoke(DirectMethodHandleAccessor.java:103)
at java.base/java.lang.reflect.Method.invoke(Method.java:580)
at org.testng.internal.invokers.MethodInvocationHelper.invokeMethod(MethodInvocationHelper.java:139)
at org.testng.internal.invokers.MethodInvocationHelper.invokeMethod(MethodInvocationHelper.java:84)
at org.testng.internal.invokers.MethodInvocationHelper.invokeMethodNoCheckedException(MethodInvocationHelper.java:53)
... 19 more
]]>
            </full-stacktrace>
          </exception> <!-- java.lang.RuntimeException -->
          <reporter-output>
          </reporter-output>
        </test-method> <!-- SubmitOrder -->
      </class> <!-- rahulshettyacademy.Testngframeworkdesing.submitpage -->
    </test> <!-- Submit order Test  -->
    <test started-at="2024-04-04T23:08:01 IST" name="Error Validation Test " finished-at="2024-04-04T23:08:26 IST" duration-ms="25106">
      <class name="rahulshettyacademy.Testngframeworkdesing.ErrorValidation">
        <test-method is-config="true" signature="launchsite()[pri:0, instance:rahulshettyacademy.Testngframeworkdesing.ErrorValidation@7b84fcf8]" started-at="2024-04-04T23:08:01 IST" name="launchsite" finished-at="2024-04-04T23:08:07 IST" duration-ms="6621" status="PASS">
          <reporter-output>
          </reporter-output>
        </test-method> <!-- launchsite -->
        <test-method signature="Loginerror()[pri:0, instance:rahulshettyacademy.Testngframeworkdesing.ErrorValidation@7b84fcf8]" started-at="2024-04-04T23:08:07 IST" name="Loginerror" finished-at="2024-04-04T23:08:22 IST" duration-ms="14148" status="PASS">
          <reporter-output>
          </reporter-output>
        </test-method> <!-- Loginerror -->
        <test-method is-config="true" signature="driverclose()[pri:0, instance:rahulshettyacademy.Testngframeworkdesing.ErrorValidation@7b84fcf8]" started-at="2024-04-04T23:08:22 IST" name="driverclose" finished-at="2024-04-04T23:08:22 IST" duration-ms="173" status="PASS">
          <reporter-output>
          </reporter-output>
        </test-method> <!-- driverclose -->
        <test-method is-config="true" signature="launchsite()[pri:0, instance:rahulshettyacademy.Testngframeworkdesing.ErrorValidation@7b84fcf8]" started-at="2024-04-04T23:08:22 IST" name="launchsite" finished-at="2024-04-04T23:08:24 IST" duration-ms="2731" status="PASS">
          <reporter-output>
          </reporter-output>
        </test-method> <!-- launchsite -->
        <test-method signature="SubmitOrder()[pri:0, instance:rahulshettyacademy.Testngframeworkdesing.ErrorValidation@7b84fcf8]" started-at="2024-04-04T23:08:24 IST" name="SubmitOrder" finished-at="2024-04-04T23:08:26 IST" duration-ms="1025" status="PASS">
          <reporter-output>
          </reporter-output>
        </test-method> <!-- SubmitOrder -->
        <test-method is-config="true" signature="driverclose()[pri:0, instance:rahulshettyacademy.Testngframeworkdesing.ErrorValidation@7b84fcf8]" started-at="2024-04-04T23:08:26 IST" name="driverclose" finished-at="2024-04-04T23:08:26 IST" duration-ms="315" status="PASS">
          <reporter-output>
          </reporter-output>
        </test-method> <!-- driverclose -->
      </class> <!-- rahulshettyacademy.Testngframeworkdesing.ErrorValidation -->
    </test> <!-- Error Validation Test  -->
  </suite> <!-- Suite -->
</testng-results>
